11:07:20.382 [main] INFO  m.k.JPA1.springhibernate.Application - Starting Application on DESKTOP-CCLRIAF with PID 6336 (F:\Code\git\SpringDataJPA\01.spring-hibernate\target\classes started by kongh in F:\Code\git\SpringDataJPA\01.spring-hibernate)
11:07:20.384 [main] INFO  m.k.JPA1.springhibernate.Application - No active profile set, falling back to default profiles: default
11:07:20.423 [main] INFO  o.s.b.c.e.AnnotationConfigEmbeddedWebApplicationContext - Refreshing org.springframework.boot.context.embedded.AnnotationConfigEmbeddedWebApplicationContext@5fe94a96: startup date [Sun Jan 14 11:07:20 CST 2018]; root of context hierarchy
11:07:20.488 [background-preinit] INFO  o.h.validator.internal.util.Version - HV000001: Hibernate Validator 5.2.5.Final
11:07:21.838 [main] INFO  o.s.b.c.e.t.TomcatEmbeddedServletContainer - Tomcat initialized with port(s): 8080 (http)
11:07:21.849 [main] INFO  o.a.catalina.core.StandardService - Starting service [Tomcat]
11:07:21.850 [main] INFO  o.a.catalina.core.StandardEngine - Starting Servlet Engine: Apache Tomcat/8.5.15
11:07:21.931 [localhost-startStop-1] INFO  o.a.c.c.C.[Tomcat].[localhost].[/] - Initializing Spring embedded WebApplicationContext
11:07:21.931 [localhost-startStop-1] INFO  o.s.web.context.ContextLoader - Root WebApplicationContext: initialization completed in 1509 ms
11:07:22.036 [localhost-startStop-1] INFO  o.s.b.w.s.ServletRegistrationBean - Mapping servlet: 'dispatcherServlet' to [/]
11:07:22.038 [localhost-startStop-1] INFO  o.s.b.w.s.FilterRegistrationBean - Mapping filter: 'characterEncodingFilter' to: [/*]
11:07:22.038 [localhost-startStop-1] INFO  o.s.b.w.s.FilterRegistrationBean - Mapping filter: 'hiddenHttpMethodFilter' to: [/*]
11:07:22.038 [localhost-startStop-1] INFO  o.s.b.w.s.FilterRegistrationBean - Mapping filter: 'httpPutFormContentFilter' to: [/*]
11:07:22.039 [localhost-startStop-1] INFO  o.s.b.w.s.FilterRegistrationBean - Mapping filter: 'requestContextFilter' to: [/*]
11:07:22.197 [main] INFO  o.s.o.j.LocalContainerEntityManagerFactoryBean - Building JPA container EntityManagerFactory for persistence unit 'default'
11:07:22.211 [main] INFO  o.h.jpa.internal.util.LogHelper - HHH000204: Processing PersistenceUnitInfo [
	name: default
	...]
11:07:22.267 [main] INFO  org.hibernate.Version - HHH000412: Hibernate Core {5.0.12.Final}
11:07:22.268 [main] INFO  org.hibernate.cfg.Environment - HHH000206: hibernate.properties not found
11:07:22.270 [main] INFO  org.hibernate.cfg.Environment - HHH000021: Bytecode provider name : javassist
11:07:22.301 [main] INFO  o.h.annotations.common.Version - HCANN000001: Hibernate Commons Annotations {5.0.1.Final}
11:07:22.633 [main] INFO  org.hibernate.dialect.Dialect - HHH000400: Using dialect: org.hibernate.dialect.MySQL5Dialect
11:07:22.885 [main] INFO  o.h.tool.hbm2ddl.SchemaUpdate - HHH000228: Running hbm2ddl schema update
11:07:22.933 [main] INFO  o.s.o.j.LocalContainerEntityManagerFactoryBean - Initialized JPA EntityManagerFactory for persistence unit 'default'
11:07:23.087 [main] INFO  o.h.h.i.QueryTranslatorFactoryInitiator - HHH000397: Using ASTQueryTranslatorFactory
11:07:23.136 [main] WARN  o.h.hql.internal.ast.HqlSqlWalker - [DEPRECATION] Encountered positional parameter near line 1, column 81 in HQL: [from me.konghao.JPA1.springhibernate.entity.UserInfo where name like CONCAT('%',?,'%')  and id between ? and ?].  Positional parameter are considered deprecated; use named parameters or JPA-style positional parameters instead.
11:07:23.138 [main] WARN  o.h.hql.internal.ast.HqlSqlWalker - [DEPRECATION] Encountered positional parameter near line 1, column 104 in HQL: [from me.konghao.JPA1.springhibernate.entity.UserInfo where name like CONCAT('%',?,'%')  and id between ? and ?].  Positional parameter are considered deprecated; use named parameters or JPA-style positional parameters instead.
11:07:23.139 [main] WARN  o.h.hql.internal.ast.HqlSqlWalker - [DEPRECATION] Encountered positional parameter near line 1, column 110 in HQL: [from me.konghao.JPA1.springhibernate.entity.UserInfo where name like CONCAT('%',?,'%')  and id between ? and ?].  Positional parameter are considered deprecated; use named parameters or JPA-style positional parameters instead.
11:07:23.169 [main] WARN  o.h.hql.internal.ast.HqlSqlWalker - [DEPRECATION] Encountered positional parameter near line 1, column 65 in HQL: [from me.konghao.JPA1.springhibernate.entity.UserInfo where name=?].  Positional parameter are considered deprecated; use named parameters or JPA-style positional parameters instead.
11:07:23.178 [main] WARN  o.h.hql.internal.ast.HqlSqlWalker - [DEPRECATION] Encountered positional parameter near line 1, column 64 in HQL: [update me.konghao.JPA1.springhibernate.entity.UserInfo set age=? where id=?].  Positional parameter are considered deprecated; use named parameters or JPA-style positional parameters instead.
11:07:23.178 [main] WARN  o.h.hql.internal.ast.HqlSqlWalker - [DEPRECATION] Encountered positional parameter near line 1, column 75 in HQL: [update me.konghao.JPA1.springhibernate.entity.UserInfo set age=? where id=?].  Positional parameter are considered deprecated; use named parameters or JPA-style positional parameters instead.
11:07:23.267 [main] WARN  o.s.b.c.e.AnnotationConfigEmbeddedWebApplicationContext - Exception encountered during context initialization - cancelling refresh attempt: org.springframework.beans.factory.UnsatisfiedDependencyException: Error creating bean with name 'test': Unsatisfied dependency expressed through field 'userinfoIdao'; nested exception is org.springframework.beans.factory.NoSuchBeanDefinitionException: No qualifying bean of type 'me.konghao.JPA1.springhibernate.Service.IUserInfoImpl' available: expected at least 1 bean which qualifies as autowire candidate. Dependency annotations: {@org.springframework.beans.factory.annotation.Autowired(required=true)}
11:07:23.267 [main] INFO  o.s.o.j.LocalContainerEntityManagerFactoryBean - Closing JPA EntityManagerFactory for persistence unit 'default'
11:07:23.273 [main] INFO  o.a.catalina.core.StandardService - Stopping service [Tomcat]
11:07:23.282 [main] INFO  o.s.b.a.l.AutoConfigurationReportLoggingInitializer - 

Error starting ApplicationContext. To display the auto-configuration report re-run your application with 'debug' enabled.
11:07:23.340 [main] ERROR o.s.b.d.LoggingFailureAnalysisReporter - 

***************************
APPLICATION FAILED TO START
***************************

Description:

Field userinfoIdao in me.konghao.JPA1.springhibernate.controller.Test required a bean of type 'me.konghao.JPA1.springhibernate.Service.IUserInfoImpl' that could not be found.


Action:

Consider defining a bean of type 'me.konghao.JPA1.springhibernate.Service.IUserInfoImpl' in your configuration.

11:09:15.742 [main] INFO  m.k.JPA1.springhibernate.Application - Starting Application on DESKTOP-CCLRIAF with PID 7044 (F:\Code\git\SpringDataJPA\01.spring-hibernate\target\classes started by kongh in F:\Code\git\SpringDataJPA\01.spring-hibernate)
11:09:15.744 [main] INFO  m.k.JPA1.springhibernate.Application - No active profile set, falling back to default profiles: default
11:09:15.790 [main] INFO  o.s.b.c.e.AnnotationConfigEmbeddedWebApplicationContext - Refreshing org.springframework.boot.context.embedded.AnnotationConfigEmbeddedWebApplicationContext@5fe94a96: startup date [Sun Jan 14 11:09:15 CST 2018]; root of context hierarchy
11:09:15.872 [background-preinit] INFO  o.h.validator.internal.util.Version - HV000001: Hibernate Validator 5.2.5.Final
11:09:17.113 [main] INFO  o.s.b.c.e.t.TomcatEmbeddedServletContainer - Tomcat initialized with port(s): 8080 (http)
11:09:17.125 [main] INFO  o.a.catalina.core.StandardService - Starting service [Tomcat]
11:09:17.126 [main] INFO  o.a.catalina.core.StandardEngine - Starting Servlet Engine: Apache Tomcat/8.5.15
11:09:17.212 [localhost-startStop-1] INFO  o.a.c.c.C.[Tomcat].[localhost].[/] - Initializing Spring embedded WebApplicationContext
11:09:17.212 [localhost-startStop-1] INFO  o.s.web.context.ContextLoader - Root WebApplicationContext: initialization completed in 1423 ms
11:09:17.347 [localhost-startStop-1] INFO  o.s.b.w.s.ServletRegistrationBean - Mapping servlet: 'dispatcherServlet' to [/]
11:09:17.350 [localhost-startStop-1] INFO  o.s.b.w.s.FilterRegistrationBean - Mapping filter: 'characterEncodingFilter' to: [/*]
11:09:17.351 [localhost-startStop-1] INFO  o.s.b.w.s.FilterRegistrationBean - Mapping filter: 'hiddenHttpMethodFilter' to: [/*]
11:09:17.351 [localhost-startStop-1] INFO  o.s.b.w.s.FilterRegistrationBean - Mapping filter: 'httpPutFormContentFilter' to: [/*]
11:09:17.351 [localhost-startStop-1] INFO  o.s.b.w.s.FilterRegistrationBean - Mapping filter: 'requestContextFilter' to: [/*]
11:09:17.512 [main] INFO  o.s.o.j.LocalContainerEntityManagerFactoryBean - Building JPA container EntityManagerFactory for persistence unit 'default'
11:09:17.526 [main] INFO  o.h.jpa.internal.util.LogHelper - HHH000204: Processing PersistenceUnitInfo [
	name: default
	...]
11:09:17.573 [main] INFO  org.hibernate.Version - HHH000412: Hibernate Core {5.0.12.Final}
11:09:17.574 [main] INFO  org.hibernate.cfg.Environment - HHH000206: hibernate.properties not found
11:09:17.575 [main] INFO  org.hibernate.cfg.Environment - HHH000021: Bytecode provider name : javassist
11:09:17.601 [main] INFO  o.h.annotations.common.Version - HCANN000001: Hibernate Commons Annotations {5.0.1.Final}
11:09:17.910 [main] INFO  org.hibernate.dialect.Dialect - HHH000400: Using dialect: org.hibernate.dialect.MySQL5Dialect
11:09:18.148 [main] INFO  o.h.tool.hbm2ddl.SchemaUpdate - HHH000228: Running hbm2ddl schema update
11:09:18.197 [main] INFO  o.s.o.j.LocalContainerEntityManagerFactoryBean - Initialized JPA EntityManagerFactory for persistence unit 'default'
11:09:18.348 [main] INFO  o.h.h.i.QueryTranslatorFactoryInitiator - HHH000397: Using ASTQueryTranslatorFactory
11:09:18.405 [main] WARN  o.h.hql.internal.ast.HqlSqlWalker - [DEPRECATION] Encountered positional parameter near line 1, column 65 in HQL: [from me.konghao.JPA1.springhibernate.entity.UserInfo where name=?].  Positional parameter are considered deprecated; use named parameters or JPA-style positional parameters instead.
11:09:18.436 [main] WARN  o.h.hql.internal.ast.HqlSqlWalker - [DEPRECATION] Encountered positional parameter near line 1, column 81 in HQL: [from me.konghao.JPA1.springhibernate.entity.UserInfo where name like CONCAT('%',?,'%')  and id between ? and ?].  Positional parameter are considered deprecated; use named parameters or JPA-style positional parameters instead.
11:09:18.438 [main] WARN  o.h.hql.internal.ast.HqlSqlWalker - [DEPRECATION] Encountered positional parameter near line 1, column 104 in HQL: [from me.konghao.JPA1.springhibernate.entity.UserInfo where name like CONCAT('%',?,'%')  and id between ? and ?].  Positional parameter are considered deprecated; use named parameters or JPA-style positional parameters instead.
11:09:18.439 [main] WARN  o.h.hql.internal.ast.HqlSqlWalker - [DEPRECATION] Encountered positional parameter near line 1, column 110 in HQL: [from me.konghao.JPA1.springhibernate.entity.UserInfo where name like CONCAT('%',?,'%')  and id between ? and ?].  Positional parameter are considered deprecated; use named parameters or JPA-style positional parameters instead.
11:09:18.447 [main] WARN  o.h.hql.internal.ast.HqlSqlWalker - [DEPRECATION] Encountered positional parameter near line 1, column 64 in HQL: [update me.konghao.JPA1.springhibernate.entity.UserInfo set age=? where id=?].  Positional parameter are considered deprecated; use named parameters or JPA-style positional parameters instead.
11:09:18.447 [main] WARN  o.h.hql.internal.ast.HqlSqlWalker - [DEPRECATION] Encountered positional parameter near line 1, column 75 in HQL: [update me.konghao.JPA1.springhibernate.entity.UserInfo set age=? where id=?].  Positional parameter are considered deprecated; use named parameters or JPA-style positional parameters instead.
11:09:18.747 [main] INFO  o.s.w.s.m.m.a.RequestMappingHandlerAdapter - Looking for @ControllerAdvice: org.springframework.boot.context.embedded.AnnotationConfigEmbeddedWebApplicationContext@5fe94a96: startup date [Sun Jan 14 11:09:15 CST 2018]; root of context hierarchy
11:09:18.828 [main] INFO  o.s.w.s.m.m.a.RequestMappingHandlerMapping - Mapped "{[/query],methods=[GET],produces=[application/json;charset=UTF-8]}" onto public java.util.List<me.konghao.JPA1.springhibernate.entity.UserInfo> me.konghao.JPA1.springhibernate.controller.Test.query()
11:09:18.829 [main] INFO  o.s.w.s.m.m.a.RequestMappingHandlerMapping - Mapped "{[/test]}" onto public java.lang.String me.konghao.JPA1.springhibernate.controller.Test.test()
11:09:18.829 [main] INFO  o.s.w.s.m.m.a.RequestMappingHandlerMapping - Mapped "{[/queryNameAndAge]}" onto public me.konghao.JPA1.springhibernate.entity.UserInfo me.konghao.JPA1.springhibernate.controller.Test.findByNameAndAge(java.lang.String,java.lang.String)
11:09:18.830 [main] INFO  o.s.w.s.m.m.a.RequestMappingHandlerMapping - Mapped "{[/pageQuery]}" onto public java.util.List<me.konghao.JPA1.springhibernate.entity.UserInfo> me.konghao.JPA1.springhibernate.controller.Test.pageQuery(int,int)
11:09:18.830 [main] INFO  o.s.w.s.m.m.a.RequestMappingHandlerMapping - Mapped "{[/JpaFindAll]}" onto public java.util.List<me.konghao.JPA1.springhibernate.entity.UserInfo> me.konghao.JPA1.springhibernate.controller.Test.JpaFindAll()
11:09:18.830 [main] INFO  o.s.w.s.m.m.a.RequestMappingHandlerMapping - Mapped "{[/updateAgeById]}" onto public java.lang.String me.konghao.JPA1.springhibernate.controller.Test.updateAgeById(java.lang.String,java.lang.Integer)
11:09:18.830 [main] INFO  o.s.w.s.m.m.a.RequestMappingHandlerMapping - Mapped "{[/top50]}" onto public java.util.List<me.konghao.JPA1.springhibernate.entity.UserInfo> me.konghao.JPA1.springhibernate.controller.Test.top50()
11:09:18.830 [main] INFO  o.s.w.s.m.m.a.RequestMappingHandlerMapping - Mapped "{[/queryByName]}" onto public me.konghao.JPA1.springhibernate.entity.UserInfo me.konghao.JPA1.springhibernate.controller.Test.queryByName(java.lang.String)
11:09:18.830 [main] INFO  o.s.w.s.m.m.a.RequestMappingHandlerMapping - Mapped "{[/sqlTop50]}" onto public java.util.List<me.konghao.JPA1.springhibernate.entity.UserInfo> me.konghao.JPA1.springhibernate.controller.Test.sqlTop50()
11:09:18.831 [main] INFO  o.s.w.s.m.m.a.RequestMappingHandlerMapping - Mapped "{[/queryNameLike]}" onto public java.util.List<me.konghao.JPA1.springhibernate.entity.UserInfo> me.konghao.JPA1.springhibernate.controller.Test.queryNameLike(java.lang.String,java.lang.Integer,java.lang.Integer)
11:09:18.831 [main] INFO  o.s.w.s.m.m.a.RequestMappingHandlerMapping - Mapped "{[/jpaSDaoMulti]}" onto public java.util.List<me.konghao.JPA1.springhibernate.entity.UserInfo> me.konghao.JPA1.springhibernate.controller.Test.jpaSDaoMulti()
11:09:18.831 [main] INFO  o.s.w.s.m.m.a.RequestMappingHandlerMapping - Mapped "{[/jpaSDaoPageMulti]}" onto public java.util.List<me.konghao.JPA1.springhibernate.entity.UserInfo> me.konghao.JPA1.springhibernate.controller.Test.jpaSDaoPageMulti()
11:09:18.831 [main] INFO  o.s.w.s.m.m.a.RequestMappingHandlerMapping - Mapped "{[/queryById]}" onto public me.konghao.JPA1.springhibernate.entity.UserInfo me.konghao.JPA1.springhibernate.controller.Test.queryById(java.lang.Integer)
11:09:18.831 [main] INFO  o.s.w.s.m.m.a.RequestMappingHandlerMapping - Mapped "{[/jpaSDaoOnely]}" onto public java.util.List<me.konghao.JPA1.springhibernate.entity.UserInfo> me.konghao.JPA1.springhibernate.controller.Test.jpaSDaoOnely()
11:09:18.831 [main] INFO  o.s.w.s.m.m.a.RequestMappingHandlerMapping - Mapped "{[/queryPageOrderIdAscAgeDesc]}" onto public java.util.List<me.konghao.JPA1.springhibernate.entity.UserInfo> me.konghao.JPA1.springhibernate.controller.Test.queryPageOrderIdDescAgeAsc()
11:09:18.834 [main] INFO  o.s.w.s.m.m.a.RequestMappingHandlerMapping - Mapped "{[/error]}" onto public org.springframework.http.ResponseEntity<java.util.Map<java.lang.String, java.lang.Object>> org.springframework.boot.autoconfigure.web.BasicErrorController.error(javax.servlet.http.HttpServletRequest)
11:09:18.835 [main] INFO  o.s.w.s.m.m.a.RequestMappingHandlerMapping - Mapped "{[/error],produces=[text/html]}" onto public org.springframework.web.servlet.ModelAndView org.springframework.boot.autoconfigure.web.BasicErrorController.errorHtml(javax.servlet.http.HttpServletRequest,javax.servlet.http.HttpServletResponse)
11:09:18.863 [main] INFO  o.s.w.s.h.SimpleUrlHandlerMapping - Mapped URL path [/webjars/**] onto handler of type [class org.springframework.web.servlet.resource.ResourceHttpRequestHandler]
11:09:18.863 [main] INFO  o.s.w.s.h.SimpleUrlHandlerMapping - Mapped URL path [/**] onto handler of type [class org.springframework.web.servlet.resource.ResourceHttpRequestHandler]
11:09:18.890 [main] INFO  o.s.w.s.h.SimpleUrlHandlerMapping - Mapped URL path [/**/favicon.ico] onto handler of type [class org.springframework.web.servlet.resource.ResourceHttpRequestHandler]
11:09:19.048 [main] INFO  o.s.j.e.a.AnnotationMBeanExporter - Registering beans for JMX exposure on startup
11:09:19.061 [main] INFO  o.a.coyote.http11.Http11NioProtocol - Initializing ProtocolHandler ["http-nio-8080"]
11:09:19.073 [main] INFO  o.a.coyote.http11.Http11NioProtocol - Starting ProtocolHandler ["http-nio-8080"]
11:09:19.087 [main] INFO  o.a.tomcat.util.net.NioSelectorPool - Using a shared selector for servlet write/read
11:09:19.098 [main] INFO  o.s.b.c.e.t.TomcatEmbeddedServletContainer - Tomcat started on port(s): 8080 (http)
11:09:19.100 [main] INFO  m.k.JPA1.springhibernate.Application - Started Application in 3.579 seconds (JVM running for 4.009)
11:09:39.021 [http-nio-8080-exec-1] INFO  o.a.c.c.C.[Tomcat].[localhost].[/] - Initializing Spring FrameworkServlet 'dispatcherServlet'
11:09:39.021 [http-nio-8080-exec-1] INFO  o.s.web.servlet.DispatcherServlet - FrameworkServlet 'dispatcherServlet': initialization started
11:09:39.036 [http-nio-8080-exec-1] INFO  o.s.web.servlet.DispatcherServlet - FrameworkServlet 'dispatcherServlet': initialization completed in 15 ms
11:21:17.094 [main] INFO  m.k.JPA1.springhibernate.Application - Starting Application on DESKTOP-CCLRIAF with PID 5108 (F:\Code\git\SpringDataJPA\01.spring-hibernate\target\classes started by kongh in F:\Code\git\SpringDataJPA\01.spring-hibernate)
11:21:17.096 [main] INFO  m.k.JPA1.springhibernate.Application - No active profile set, falling back to default profiles: default
11:21:17.135 [main] INFO  o.s.b.c.e.AnnotationConfigEmbeddedWebApplicationContext - Refreshing org.springframework.boot.context.embedded.AnnotationConfigEmbeddedWebApplicationContext@5fe94a96: startup date [Sun Jan 14 11:21:17 CST 2018]; root of context hierarchy
11:21:17.207 [background-preinit] INFO  o.h.validator.internal.util.Version - HV000001: Hibernate Validator 5.2.5.Final
11:21:18.412 [main] INFO  o.s.b.c.e.t.TomcatEmbeddedServletContainer - Tomcat initialized with port(s): 8080 (http)
11:21:18.422 [main] INFO  o.a.catalina.core.StandardService - Starting service [Tomcat]
11:21:18.423 [main] INFO  o.a.catalina.core.StandardEngine - Starting Servlet Engine: Apache Tomcat/8.5.15
11:21:18.498 [localhost-startStop-1] INFO  o.a.c.c.C.[Tomcat].[localhost].[/] - Initializing Spring embedded WebApplicationContext
11:21:18.498 [localhost-startStop-1] INFO  o.s.web.context.ContextLoader - Root WebApplicationContext: initialization completed in 1364 ms
11:21:18.605 [localhost-startStop-1] INFO  o.s.b.w.s.ServletRegistrationBean - Mapping servlet: 'dispatcherServlet' to [/]
11:21:18.607 [localhost-startStop-1] INFO  o.s.b.w.s.FilterRegistrationBean - Mapping filter: 'characterEncodingFilter' to: [/*]
11:21:18.607 [localhost-startStop-1] INFO  o.s.b.w.s.FilterRegistrationBean - Mapping filter: 'hiddenHttpMethodFilter' to: [/*]
11:21:18.607 [localhost-startStop-1] INFO  o.s.b.w.s.FilterRegistrationBean - Mapping filter: 'httpPutFormContentFilter' to: [/*]
11:21:18.608 [localhost-startStop-1] INFO  o.s.b.w.s.FilterRegistrationBean - Mapping filter: 'requestContextFilter' to: [/*]
11:21:18.770 [main] INFO  o.s.o.j.LocalContainerEntityManagerFactoryBean - Building JPA container EntityManagerFactory for persistence unit 'default'
11:21:18.786 [main] INFO  o.h.jpa.internal.util.LogHelper - HHH000204: Processing PersistenceUnitInfo [
	name: default
	...]
11:21:18.832 [main] INFO  org.hibernate.Version - HHH000412: Hibernate Core {5.0.12.Final}
11:21:18.833 [main] INFO  org.hibernate.cfg.Environment - HHH000206: hibernate.properties not found
11:21:18.834 [main] INFO  org.hibernate.cfg.Environment - HHH000021: Bytecode provider name : javassist
11:21:18.864 [main] INFO  o.h.annotations.common.Version - HCANN000001: Hibernate Commons Annotations {5.0.1.Final}
11:21:19.171 [main] INFO  org.hibernate.dialect.Dialect - HHH000400: Using dialect: org.hibernate.dialect.MySQL5Dialect
11:21:19.403 [main] INFO  o.h.tool.hbm2ddl.SchemaUpdate - HHH000228: Running hbm2ddl schema update
11:21:19.447 [main] INFO  o.s.o.j.LocalContainerEntityManagerFactoryBean - Initialized JPA EntityManagerFactory for persistence unit 'default'
11:21:19.605 [main] INFO  o.h.h.i.QueryTranslatorFactoryInitiator - HHH000397: Using ASTQueryTranslatorFactory
11:21:19.685 [main] WARN  o.h.hql.internal.ast.HqlSqlWalker - [DEPRECATION] Encountered positional parameter near line 1, column 65 in HQL: [from me.konghao.JPA1.springhibernate.entity.UserInfo where name=?].  Positional parameter are considered deprecated; use named parameters or JPA-style positional parameters instead.
11:21:19.696 [main] WARN  o.h.hql.internal.ast.HqlSqlWalker - [DEPRECATION] Encountered positional parameter near line 1, column 81 in HQL: [from me.konghao.JPA1.springhibernate.entity.UserInfo where name like CONCAT('%',?,'%')  and id between ? and ?].  Positional parameter are considered deprecated; use named parameters or JPA-style positional parameters instead.
11:21:19.697 [main] WARN  o.h.hql.internal.ast.HqlSqlWalker - [DEPRECATION] Encountered positional parameter near line 1, column 104 in HQL: [from me.konghao.JPA1.springhibernate.entity.UserInfo where name like CONCAT('%',?,'%')  and id between ? and ?].  Positional parameter are considered deprecated; use named parameters or JPA-style positional parameters instead.
11:21:19.698 [main] WARN  o.h.hql.internal.ast.HqlSqlWalker - [DEPRECATION] Encountered positional parameter near line 1, column 110 in HQL: [from me.konghao.JPA1.springhibernate.entity.UserInfo where name like CONCAT('%',?,'%')  and id between ? and ?].  Positional parameter are considered deprecated; use named parameters or JPA-style positional parameters instead.
11:21:19.708 [main] WARN  o.h.hql.internal.ast.HqlSqlWalker - [DEPRECATION] Encountered positional parameter near line 1, column 64 in HQL: [update me.konghao.JPA1.springhibernate.entity.UserInfo set age=? where id=?].  Positional parameter are considered deprecated; use named parameters or JPA-style positional parameters instead.
11:21:19.708 [main] WARN  o.h.hql.internal.ast.HqlSqlWalker - [DEPRECATION] Encountered positional parameter near line 1, column 75 in HQL: [update me.konghao.JPA1.springhibernate.entity.UserInfo set age=? where id=?].  Positional parameter are considered deprecated; use named parameters or JPA-style positional parameters instead.
11:21:19.986 [main] INFO  o.s.w.s.m.m.a.RequestMappingHandlerAdapter - Looking for @ControllerAdvice: org.springframework.boot.context.embedded.AnnotationConfigEmbeddedWebApplicationContext@5fe94a96: startup date [Sun Jan 14 11:21:17 CST 2018]; root of context hierarchy
11:21:20.057 [main] INFO  o.s.w.s.m.m.a.RequestMappingHandlerMapping - Mapped "{[/query],methods=[GET],produces=[application/json;charset=UTF-8]}" onto public java.util.List<me.konghao.JPA1.springhibernate.entity.UserInfo> me.konghao.JPA1.springhibernate.controller.Test.query()
11:21:20.059 [main] INFO  o.s.w.s.m.m.a.RequestMappingHandlerMapping - Mapped "{[/test]}" onto public java.lang.String me.konghao.JPA1.springhibernate.controller.Test.test()
11:21:20.059 [main] INFO  o.s.w.s.m.m.a.RequestMappingHandlerMapping - Mapped "{[/jpaSDaoOnely]}" onto public java.util.List<me.konghao.JPA1.springhibernate.entity.UserInfo> me.konghao.JPA1.springhibernate.controller.Test.jpaSDaoOnely()
11:21:20.059 [main] INFO  o.s.w.s.m.m.a.RequestMappingHandlerMapping - Mapped "{[/queryNameAndAge]}" onto public me.konghao.JPA1.springhibernate.entity.UserInfo me.konghao.JPA1.springhibernate.controller.Test.findByNameAndAge(java.lang.String,java.lang.String)
11:21:20.059 [main] INFO  o.s.w.s.m.m.a.RequestMappingHandlerMapping - Mapped "{[/updateAgeById]}" onto public java.lang.String me.konghao.JPA1.springhibernate.controller.Test.updateAgeById(java.lang.String,java.lang.Integer)
11:21:20.060 [main] INFO  o.s.w.s.m.m.a.RequestMappingHandlerMapping - Mapped "{[/top50]}" onto public java.util.List<me.konghao.JPA1.springhibernate.entity.UserInfo> me.konghao.JPA1.springhibernate.controller.Test.top50()
11:21:20.060 [main] INFO  o.s.w.s.m.m.a.RequestMappingHandlerMapping - Mapped "{[/sqlTop50]}" onto public java.util.List<me.konghao.JPA1.springhibernate.entity.UserInfo> me.konghao.JPA1.springhibernate.controller.Test.sqlTop50()
11:21:20.060 [main] INFO  o.s.w.s.m.m.a.RequestMappingHandlerMapping - Mapped "{[/queryByName]}" onto public me.konghao.JPA1.springhibernate.entity.UserInfo me.konghao.JPA1.springhibernate.controller.Test.queryByName(java.lang.String)
11:21:20.060 [main] INFO  o.s.w.s.m.m.a.RequestMappingHandlerMapping - Mapped "{[/JpaFindAll]}" onto public java.util.List<me.konghao.JPA1.springhibernate.entity.UserInfo> me.konghao.JPA1.springhibernate.controller.Test.JpaFindAll()
11:21:20.060 [main] INFO  o.s.w.s.m.m.a.RequestMappingHandlerMapping - Mapped "{[/queryNameLike]}" onto public java.util.List<me.konghao.JPA1.springhibernate.entity.UserInfo> me.konghao.JPA1.springhibernate.controller.Test.queryNameLike(java.lang.String,java.lang.Integer,java.lang.Integer)
11:21:20.060 [main] INFO  o.s.w.s.m.m.a.RequestMappingHandlerMapping - Mapped "{[/jpaSDaoPageMulti]}" onto public java.util.List<me.konghao.JPA1.springhibernate.entity.UserInfo> me.konghao.JPA1.springhibernate.controller.Test.jpaSDaoPageMulti()
11:21:20.061 [main] INFO  o.s.w.s.m.m.a.RequestMappingHandlerMapping - Mapped "{[/jpaSDaoMulti]}" onto public java.util.List<me.konghao.JPA1.springhibernate.entity.UserInfo> me.konghao.JPA1.springhibernate.controller.Test.jpaSDaoMulti()
11:21:20.061 [main] INFO  o.s.w.s.m.m.a.RequestMappingHandlerMapping - Mapped "{[/pageQuery]}" onto public java.util.List<me.konghao.JPA1.springhibernate.entity.UserInfo> me.konghao.JPA1.springhibernate.controller.Test.pageQuery(int,int)
11:21:20.061 [main] INFO  o.s.w.s.m.m.a.RequestMappingHandlerMapping - Mapped "{[/queryById]}" onto public me.konghao.JPA1.springhibernate.entity.UserInfo me.konghao.JPA1.springhibernate.controller.Test.queryById(java.lang.Integer)
11:21:20.061 [main] INFO  o.s.w.s.m.m.a.RequestMappingHandlerMapping - Mapped "{[/queryPageOrderIdAscAgeDesc]}" onto public java.util.List<me.konghao.JPA1.springhibernate.entity.UserInfo> me.konghao.JPA1.springhibernate.controller.Test.queryPageOrderIdDescAgeAsc()
11:21:20.065 [main] INFO  o.s.w.s.m.m.a.RequestMappingHandlerMapping - Mapped "{[/error]}" onto public org.springframework.http.ResponseEntity<java.util.Map<java.lang.String, java.lang.Object>> org.springframework.boot.autoconfigure.web.BasicErrorController.error(javax.servlet.http.HttpServletRequest)
11:21:20.066 [main] INFO  o.s.w.s.m.m.a.RequestMappingHandlerMapping - Mapped "{[/error],produces=[text/html]}" onto public org.springframework.web.servlet.ModelAndView org.springframework.boot.autoconfigure.web.BasicErrorController.errorHtml(javax.servlet.http.HttpServletRequest,javax.servlet.http.HttpServletResponse)
11:21:20.089 [main] INFO  o.s.w.s.h.SimpleUrlHandlerMapping - Mapped URL path [/webjars/**] onto handler of type [class org.springframework.web.servlet.resource.ResourceHttpRequestHandler]
11:21:20.089 [main] INFO  o.s.w.s.h.SimpleUrlHandlerMapping - Mapped URL path [/**] onto handler of type [class org.springframework.web.servlet.resource.ResourceHttpRequestHandler]
11:21:20.115 [main] INFO  o.s.w.s.h.SimpleUrlHandlerMapping - Mapped URL path [/**/favicon.ico] onto handler of type [class org.springframework.web.servlet.resource.ResourceHttpRequestHandler]
11:21:20.274 [main] INFO  o.s.j.e.a.AnnotationMBeanExporter - Registering beans for JMX exposure on startup
11:21:20.285 [main] INFO  o.a.coyote.http11.Http11NioProtocol - Initializing ProtocolHandler ["http-nio-8080"]
11:21:20.294 [main] INFO  o.a.coyote.http11.Http11NioProtocol - Starting ProtocolHandler ["http-nio-8080"]
11:21:20.303 [main] INFO  o.a.tomcat.util.net.NioSelectorPool - Using a shared selector for servlet write/read
11:21:20.315 [main] INFO  o.s.b.c.e.t.TomcatEmbeddedServletContainer - Tomcat started on port(s): 8080 (http)
11:21:20.319 [main] INFO  m.k.JPA1.springhibernate.Application - Started Application in 3.465 seconds (JVM running for 3.838)
11:21:25.076 [http-nio-8080-exec-1] INFO  o.a.c.c.C.[Tomcat].[localhost].[/] - Initializing Spring FrameworkServlet 'dispatcherServlet'
11:21:25.076 [http-nio-8080-exec-1] INFO  o.s.web.servlet.DispatcherServlet - FrameworkServlet 'dispatcherServlet': initialization started
11:21:25.087 [http-nio-8080-exec-1] INFO  o.s.web.servlet.DispatcherServlet - FrameworkServlet 'dispatcherServlet': initialization completed in 11 ms
11:21:44.373 [main] INFO  m.k.JPA1.springhibernate.Application - Starting Application on DESKTOP-CCLRIAF with PID 2516 (F:\Code\git\SpringDataJPA\01.spring-hibernate\target\classes started by kongh in F:\Code\git\SpringDataJPA\01.spring-hibernate)
11:21:44.375 [main] INFO  m.k.JPA1.springhibernate.Application - No active profile set, falling back to default profiles: default
11:21:44.465 [main] INFO  o.s.b.c.e.AnnotationConfigEmbeddedWebApplicationContext - Refreshing org.springframework.boot.context.embedded.AnnotationConfigEmbeddedWebApplicationContext@5fe94a96: startup date [Sun Jan 14 11:21:44 CST 2018]; root of context hierarchy
11:21:44.517 [background-preinit] INFO  o.h.validator.internal.util.Version - HV000001: Hibernate Validator 5.2.5.Final
11:21:46.583 [main] INFO  o.s.b.c.e.t.TomcatEmbeddedServletContainer - Tomcat initialized with port(s): 8080 (http)
11:21:46.597 [main] INFO  o.a.catalina.core.StandardService - Starting service [Tomcat]
11:21:46.599 [main] INFO  o.a.catalina.core.StandardEngine - Starting Servlet Engine: Apache Tomcat/8.5.15
11:21:46.748 [localhost-startStop-1] INFO  o.a.c.c.C.[Tomcat].[localhost].[/] - Initializing Spring embedded WebApplicationContext
11:21:46.748 [localhost-startStop-1] INFO  o.s.web.context.ContextLoader - Root WebApplicationContext: initialization completed in 2283 ms
11:21:46.919 [localhost-startStop-1] INFO  o.s.b.w.s.ServletRegistrationBean - Mapping servlet: 'dispatcherServlet' to [/]
11:21:46.925 [localhost-startStop-1] INFO  o.s.b.w.s.FilterRegistrationBean - Mapping filter: 'characterEncodingFilter' to: [/*]
11:21:46.927 [localhost-startStop-1] INFO  o.s.b.w.s.FilterRegistrationBean - Mapping filter: 'hiddenHttpMethodFilter' to: [/*]
11:21:46.927 [localhost-startStop-1] INFO  o.s.b.w.s.FilterRegistrationBean - Mapping filter: 'httpPutFormContentFilter' to: [/*]
11:21:46.927 [localhost-startStop-1] INFO  o.s.b.w.s.FilterRegistrationBean - Mapping filter: 'requestContextFilter' to: [/*]
11:21:47.157 [main] INFO  o.s.o.j.LocalContainerEntityManagerFactoryBean - Building JPA container EntityManagerFactory for persistence unit 'default'
11:21:47.175 [main] INFO  o.h.jpa.internal.util.LogHelper - HHH000204: Processing PersistenceUnitInfo [
	name: default
	...]
11:21:47.280 [main] INFO  org.hibernate.Version - HHH000412: Hibernate Core {5.0.12.Final}
11:21:47.282 [main] INFO  org.hibernate.cfg.Environment - HHH000206: hibernate.properties not found
11:21:47.286 [main] INFO  org.hibernate.cfg.Environment - HHH000021: Bytecode provider name : javassist
11:21:47.345 [main] INFO  o.h.annotations.common.Version - HCANN000001: Hibernate Commons Annotations {5.0.1.Final}
11:21:47.835 [main] INFO  org.hibernate.dialect.Dialect - HHH000400: Using dialect: org.hibernate.dialect.MySQL5Dialect
11:21:48.124 [main] INFO  o.h.tool.hbm2ddl.SchemaUpdate - HHH000228: Running hbm2ddl schema update
11:21:48.211 [main] INFO  o.s.o.j.LocalContainerEntityManagerFactoryBean - Initialized JPA EntityManagerFactory for persistence unit 'default'
11:21:48.548 [main] INFO  o.h.h.i.QueryTranslatorFactoryInitiator - HHH000397: Using ASTQueryTranslatorFactory
11:21:48.664 [main] WARN  o.h.hql.internal.ast.HqlSqlWalker - [DEPRECATION] Encountered positional parameter near line 1, column 65 in HQL: [from me.konghao.JPA1.springhibernate.entity.UserInfo where name=?].  Positional parameter are considered deprecated; use named parameters or JPA-style positional parameters instead.
11:21:48.677 [main] WARN  o.h.hql.internal.ast.HqlSqlWalker - [DEPRECATION] Encountered positional parameter near line 1, column 81 in HQL: [from me.konghao.JPA1.springhibernate.entity.UserInfo where name like CONCAT('%',?,'%')  and id between ? and ?].  Positional parameter are considered deprecated; use named parameters or JPA-style positional parameters instead.
11:21:48.684 [main] WARN  o.h.hql.internal.ast.HqlSqlWalker - [DEPRECATION] Encountered positional parameter near line 1, column 104 in HQL: [from me.konghao.JPA1.springhibernate.entity.UserInfo where name like CONCAT('%',?,'%')  and id between ? and ?].  Positional parameter are considered deprecated; use named parameters or JPA-style positional parameters instead.
11:21:48.686 [main] WARN  o.h.hql.internal.ast.HqlSqlWalker - [DEPRECATION] Encountered positional parameter near line 1, column 110 in HQL: [from me.konghao.JPA1.springhibernate.entity.UserInfo where name like CONCAT('%',?,'%')  and id between ? and ?].  Positional parameter are considered deprecated; use named parameters or JPA-style positional parameters instead.
11:21:48.717 [main] WARN  o.h.hql.internal.ast.HqlSqlWalker - [DEPRECATION] Encountered positional parameter near line 1, column 64 in HQL: [update me.konghao.JPA1.springhibernate.entity.UserInfo set age=? where id=?].  Positional parameter are considered deprecated; use named parameters or JPA-style positional parameters instead.
11:21:48.717 [main] WARN  o.h.hql.internal.ast.HqlSqlWalker - [DEPRECATION] Encountered positional parameter near line 1, column 75 in HQL: [update me.konghao.JPA1.springhibernate.entity.UserInfo set age=? where id=?].  Positional parameter are considered deprecated; use named parameters or JPA-style positional parameters instead.
11:21:48.858 [main] WARN  o.s.b.c.e.AnnotationConfigEmbeddedWebApplicationContext - Exception encountered during context initialization - cancelling refresh attempt: org.springframework.beans.factory.UnsatisfiedDependencyException: Error creating bean with name 'test': Unsatisfied dependency expressed through field 'userinfoIdao'; nested exception is org.springframework.beans.factory.NoSuchBeanDefinitionException: No qualifying bean of type 'me.konghao.JPA1.springhibernate.Service.IUserInfoImpl' available: expected at least 1 bean which qualifies as autowire candidate. Dependency annotations: {@org.springframework.beans.factory.annotation.Autowired(required=true)}
11:21:48.859 [main] INFO  o.s.o.j.LocalContainerEntityManagerFactoryBean - Closing JPA EntityManagerFactory for persistence unit 'default'
11:21:48.873 [main] INFO  o.a.catalina.core.StandardService - Stopping service [Tomcat]
11:21:48.889 [main] INFO  o.s.b.a.l.AutoConfigurationReportLoggingInitializer - 

Error starting ApplicationContext. To display the auto-configuration report re-run your application with 'debug' enabled.
11:21:48.968 [main] ERROR o.s.b.d.LoggingFailureAnalysisReporter - 

***************************
APPLICATION FAILED TO START
***************************

Description:

Field userinfoIdao in me.konghao.JPA1.springhibernate.controller.Test required a bean of type 'me.konghao.JPA1.springhibernate.Service.IUserInfoImpl' that could not be found.


Action:

Consider defining a bean of type 'me.konghao.JPA1.springhibernate.Service.IUserInfoImpl' in your configuration.

